This file contains any messages produced by compilers while
running configure, to aid debugging if configure makes a mistake.

It was created by embXml configure 0.1, which was
generated by GNU Autoconf 2.61.  Invocation command line was

  $ ./configure --prefix=/C/Vennie/Projects/C/embxml-0.1-stable/result CC=/C/MinGW/bin/gcc.exe CXX=/C/MinGW/bin/g++.exe

## --------- ##
## Platform. ##
## --------- ##

hostname = Bullimia
uname -m = i686
uname -r = 1.0.12(0.46/3/2)
uname -s = MINGW32_NT-6.1
uname -v = 2012-07-05 14:56

/usr/bin/uname -p = unknown
/bin/uname -X     = unknown

/bin/arch              = unknown
/usr/bin/arch -k       = unknown
/usr/convex/getsysinfo = unknown
/usr/bin/hostinfo      = unknown
/bin/machine           = unknown
/usr/bin/oslevel       = unknown
/bin/universe          = unknown

PATH: /c/Users/user26/bin
PATH: .
PATH: /usr/local/bin
PATH: /mingw/bin
PATH: /bin
PATH: /bin
PATH: /c/ProgramFiles_x86/Python34/
PATH: /c/ProgramFiles_x86/Python34/Scripts
PATH: /c/Program Files (x86)/Cuminas/Document Express DjVu Plug-in/
PATH: /c/Program Files/Dell/DW WLAN Card
PATH: /c/Program Files (x86)/AMD APP/bin/x86_64
PATH: /c/Program Files (x86)/AMD APP/bin/x86
PATH: /c/Program Files (x86)/Intel/iCLS Client/
PATH: /c/Program Files/Intel/iCLS Client/
PATH: /c/Windows/system32
PATH: /c/Windows
PATH: /c/Windows/System32/Wbem
PATH: /c/Windows/System32/WindowsPowerShell/v1.0/
PATH: /c/Program Files/Intel/Intel(R) Management Engine Components/DAL
PATH: /c/Program Files/Intel/Intel(R) Management Engine Components/IPT
PATH: /c/Program Files (x86)/Intel/Intel(R) Management Engine Components/DAL
PATH: /c/Program Files (x86)/Intel/Intel(R) Management Engine Components/IPT
PATH: /c/Program Files (x86)/ATI Technologies/ATI.ACE/Core-Static
PATH: /c/Program Files/MATLAB/R2010b/runtime/win64
PATH: /c/Program Files/MATLAB/R2010b/bin
PATH: /c/Program Files (x86)/IVI Foundation/IVI/bin
PATH: /c/Program Files/IVI Foundation/IVI/bin
PATH: /c/Program Files (x86)/IVI Foundation/VISA/WinNT/Bin/
PATH: /c/Program Files/IVI Foundation/VISA/Win64/Bin/
PATH: /c/Program Files (x86)/IVI Foundation/VISA/WinNT/Bin
PATH: /c/mingw/bin
PATH: /c/Program Files (x86)/Microchip/xc8/v1.33/bin
PATH: /c/Ruby21-x64/bin
PATH: /c/Program Files (x86)/CMake/bin


## ----------- ##
## Core tests. ##
## ----------- ##

configure:1977: checking for a BSD-compatible install
configure:2033: result: ./install-sh -c
configure:2044: checking whether build environment is sane
configure:2087: result: yes
configure:2115: checking for a thread-safe mkdir -p
configure:2154: result: /bin/mkdir -p
configure:2167: checking for gawk
configure:2183: found /bin/gawk
configure:2194: result: gawk
configure:2205: checking whether make sets $(MAKE)
configure:2226: result: yes
configure:2492: checking build system type
configure:2510: result: i686-pc-mingw32
configure:2532: checking host system type
configure:2547: result: i686-pc-mingw32
configure:2581: checking for style of include used by make
configure:2609: result: GNU
configure:2679: checking for gcc
configure:2706: result: /C/MinGW/bin/gcc.exe
configure:2944: checking for C compiler version
configure:2951: /C/MinGW/bin/gcc.exe --version >&5
gcc.exe (GCC) 4.8.1
Copyright (C) 2013 Free Software Foundation, Inc.
This is free software; see the source for copying conditions.  There is NO
warranty; not even for MERCHANTABILITY or FITNESS FOR A PARTICULAR PURPOSE.

configure:2954: $? = 0
configure:2961: /C/MinGW/bin/gcc.exe -v >&5
Using built-in specs.
COLLECT_GCC=c:\MinGW\bin\gcc.exe
COLLECT_LTO_WRAPPER=c:/mingw/bin/../libexec/gcc/mingw32/4.8.1/lto-wrapper.exe
Target: mingw32
Configured with: ../gcc-4.8.1/configure --prefix=/mingw --host=mingw32 --build=mingw32 --without-pic --enable-shared --enable-static --with-gnu-ld --enable-lto --enable-libssp --disable-multilib --enable-languages=c,c++,fortran,objc,obj-c++,ada --disable-sjlj-exceptions --with-dwarf2 --disable-win32-registry --enable-libstdcxx-debug --enable-version-specific-runtime-libs --with-gmp=/usr/src/pkg/gmp-5.1.2-1-mingw32-src/bld --with-mpc=/usr/src/pkg/mpc-1.0.1-1-mingw32-src/bld --with-mpfr= --with-system-zlib --with-gnu-as --enable-decimal-float=yes --enable-libgomp --enable-threads --with-libiconv-prefix=/mingw32 --with-libintl-prefix=/mingw --disable-bootstrap LDFLAGS=-s CFLAGS=-D_USE_32BIT_TIME_T
Thread model: win32
gcc version 4.8.1 (GCC) 
configure:2964: $? = 0
configure:2971: /C/MinGW/bin/gcc.exe -V >&5
gcc.exe: error: unrecognized command line option '-V'
gcc.exe: fatal error: no input files
compilation terminated.
configure:2974: $? = 1
configure:2997: checking for C compiler default output file name
configure:3024: /C/MinGW/bin/gcc.exe    conftest.c  >&5
configure:3027: $? = 0
configure:3065: result: a.exe
configure:3082: checking whether the C compiler works
configure:3092: ./a.exe
configure:3095: $? = 0
configure:3112: result: yes
configure:3119: checking whether we are cross compiling
configure:3121: result: no
configure:3124: checking for suffix of executables
configure:3131: /C/MinGW/bin/gcc.exe -o conftest.exe    conftest.c  >&5
configure:3134: $? = 0
configure:3158: result: .exe
configure:3164: checking for suffix of object files
configure:3190: /C/MinGW/bin/gcc.exe -c   conftest.c >&5
configure:3193: $? = 0
configure:3216: result: o
configure:3220: checking whether we are using the GNU C compiler
configure:3249: /C/MinGW/bin/gcc.exe -c   conftest.c >&5
configure:3255: $? = 0
configure:3272: result: yes
configure:3277: checking whether /C/MinGW/bin/gcc.exe accepts -g
configure:3307: /C/MinGW/bin/gcc.exe -c -g  conftest.c >&5
configure:3313: $? = 0
configure:3412: result: yes
configure:3429: checking for /C/MinGW/bin/gcc.exe option to accept ISO C89
configure:3503: /C/MinGW/bin/gcc.exe  -c -g -O2  conftest.c >&5
configure:3509: $? = 0
configure:3532: result: none needed
configure:3552: checking dependency style of /C/MinGW/bin/gcc.exe
configure:3643: result: gcc3
configure:3658: checking for a sed that does not truncate output
configure:3714: result: /bin/sed
configure:3717: checking for grep that handles long lines and -e
configure:3791: result: /bin/grep
configure:3796: checking for egrep
configure:3874: result: /bin/grep -E
configure:3890: checking for ld used by /C/MinGW/bin/gcc.exe
configure:3957: result: c:/mingw/mingw32/bin/ld.exe
configure:3966: checking if the linker (c:/mingw/mingw32/bin/ld.exe) is GNU ld
configure:3981: result: yes
configure:3986: checking for c:/mingw/mingw32/bin/ld.exe option to reload object files
configure:3993: result: -r
configure:4011: checking for BSD-compatible nm
configure:4060: result: /c/mingw/bin/nm
configure:4064: checking whether ln -s works
configure:4071: result: no, using cp -p
configure:4075: checking how to recognize dependent libraries
configure:4261: result: file_magic file format pei*-i386(.*architecture: i386)?
configure:4506: checking how to run the C preprocessor
configure:4546: /C/MinGW/bin/gcc.exe -E  conftest.c
configure:4552: $? = 0
configure:4583: /C/MinGW/bin/gcc.exe -E  conftest.c
conftest.c:10:28: fatal error: ac_nonexistent.h: No such file or directory
 #include <ac_nonexistent.h>
                            ^
compilation terminated.
configure:4589: $? = 1
configure: failed program was:
| /* confdefs.h.  */
| #define PACKAGE_NAME "embXml"
| #define PACKAGE_TARNAME "embxml"
| #define PACKAGE_VERSION "0.1"
| #define PACKAGE_STRING "embXml 0.1"
| #define PACKAGE_BUGREPORT ""
| #define PACKAGE "embxml"
| #define VERSION "0.1"
| /* end confdefs.h.  */
| #include <ac_nonexistent.h>
configure:4622: result: /C/MinGW/bin/gcc.exe -E
configure:4651: /C/MinGW/bin/gcc.exe -E  conftest.c
configure:4657: $? = 0
configure:4688: /C/MinGW/bin/gcc.exe -E  conftest.c
conftest.c:10:28: fatal error: ac_nonexistent.h: No such file or directory
 #include <ac_nonexistent.h>
                            ^
compilation terminated.
configure:4694: $? = 1
configure: failed program was:
| /* confdefs.h.  */
| #define PACKAGE_NAME "embXml"
| #define PACKAGE_TARNAME "embxml"
| #define PACKAGE_VERSION "0.1"
| #define PACKAGE_STRING "embXml 0.1"
| #define PACKAGE_BUGREPORT ""
| #define PACKAGE "embxml"
| #define VERSION "0.1"
| /* end confdefs.h.  */
| #include <ac_nonexistent.h>
configure:4732: checking for ANSI C header files
configure:4762: /C/MinGW/bin/gcc.exe -c -g -O2  conftest.c >&5
configure:4768: $? = 0
configure:4867: /C/MinGW/bin/gcc.exe -o conftest.exe -g -O2   conftest.c  >&5
configure:4870: $? = 0
configure:4876: ./conftest.exe
configure:4879: $? = 0
configure:4896: result: yes
configure:4920: checking for sys/types.h
configure:4941: /C/MinGW/bin/gcc.exe -c -g -O2  conftest.c >&5
configure:4947: $? = 0
configure:4963: result: yes
configure:4920: checking for sys/stat.h
configure:4941: /C/MinGW/bin/gcc.exe -c -g -O2  conftest.c >&5
configure:4947: $? = 0
configure:4963: result: yes
configure:4920: checking for stdlib.h
configure:4941: /C/MinGW/bin/gcc.exe -c -g -O2  conftest.c >&5
configure:4947: $? = 0
configure:4963: result: yes
configure:4920: checking for string.h
configure:4941: /C/MinGW/bin/gcc.exe -c -g -O2  conftest.c >&5
configure:4947: $? = 0
configure:4963: result: yes
configure:4920: checking for memory.h
configure:4941: /C/MinGW/bin/gcc.exe -c -g -O2  conftest.c >&5
configure:4947: $? = 0
configure:4963: result: yes
configure:4920: checking for strings.h
configure:4941: /C/MinGW/bin/gcc.exe -c -g -O2  conftest.c >&5
configure:4947: $? = 0
configure:4963: result: yes
configure:4920: checking for inttypes.h
configure:4941: /C/MinGW/bin/gcc.exe -c -g -O2  conftest.c >&5
configure:4947: $? = 0
configure:4963: result: yes
configure:4920: checking for stdint.h
configure:4941: /C/MinGW/bin/gcc.exe -c -g -O2  conftest.c >&5
configure:4947: $? = 0
configure:4963: result: yes
configure:4920: checking for unistd.h
configure:4941: /C/MinGW/bin/gcc.exe -c -g -O2  conftest.c >&5
configure:4947: $? = 0
configure:4963: result: yes
configure:4990: checking dlfcn.h usability
configure:5007: /C/MinGW/bin/gcc.exe -c -g -O2  conftest.c >&5
conftest.c:53:19: fatal error: dlfcn.h: No such file or directory
 #include <dlfcn.h>
                   ^
compilation terminated.
configure:5013: $? = 1
configure: failed program was:
| /* confdefs.h.  */
| #define PACKAGE_NAME "embXml"
| #define PACKAGE_TARNAME "embxml"
| #define PACKAGE_VERSION "0.1"
| #define PACKAGE_STRING "embXml 0.1"
| #define PACKAGE_BUGREPORT ""
| #define PACKAGE "embxml"
| #define VERSION "0.1"
| #define STDC_HEADERS 1
| #define HAVE_SYS_TYPES_H 1
| #define HAVE_SYS_STAT_H 1
| #define HAVE_STDLIB_H 1
| #define HAVE_STRING_H 1
| #define HAVE_MEMORY_H 1
| #define HAVE_STRINGS_H 1
| #define HAVE_INTTYPES_H 1
| #define HAVE_STDINT_H 1
| #define HAVE_UNISTD_H 1
| /* end confdefs.h.  */
| #include <stdio.h>
| #ifdef HAVE_SYS_TYPES_H
| # include <sys/types.h>
| #endif
| #ifdef HAVE_SYS_STAT_H
| # include <sys/stat.h>
| #endif
| #ifdef STDC_HEADERS
| # include <stdlib.h>
| # include <stddef.h>
| #else
| # ifdef HAVE_STDLIB_H
| #  include <stdlib.h>
| # endif
| #endif
| #ifdef HAVE_STRING_H
| # if !defined STDC_HEADERS && defined HAVE_MEMORY_H
| #  include <memory.h>
| # endif
| # include <string.h>
| #endif
| #ifdef HAVE_STRINGS_H
| # include <strings.h>
| #endif
| #ifdef HAVE_INTTYPES_H
| # include <inttypes.h>
| #endif
| #ifdef HAVE_STDINT_H
| # include <stdint.h>
| #endif
| #ifdef HAVE_UNISTD_H
| # include <unistd.h>
| #endif
| #include <dlfcn.h>
configure:5027: result: no
configure:5031: checking dlfcn.h presence
configure:5046: /C/MinGW/bin/gcc.exe -E  conftest.c
conftest.c:20:19: fatal error: dlfcn.h: No such file or directory
 #include <dlfcn.h>
                   ^
compilation terminated.
configure:5052: $? = 1
configure: failed program was:
| /* confdefs.h.  */
| #define PACKAGE_NAME "embXml"
| #define PACKAGE_TARNAME "embxml"
| #define PACKAGE_VERSION "0.1"
| #define PACKAGE_STRING "embXml 0.1"
| #define PACKAGE_BUGREPORT ""
| #define PACKAGE "embxml"
| #define VERSION "0.1"
| #define STDC_HEADERS 1
| #define HAVE_SYS_TYPES_H 1
| #define HAVE_SYS_STAT_H 1
| #define HAVE_STDLIB_H 1
| #define HAVE_STRING_H 1
| #define HAVE_MEMORY_H 1
| #define HAVE_STRINGS_H 1
| #define HAVE_INTTYPES_H 1
| #define HAVE_STDINT_H 1
| #define HAVE_UNISTD_H 1
| /* end confdefs.h.  */
| #include <dlfcn.h>
configure:5066: result: no
configure:5094: checking for dlfcn.h
configure:5102: result: no
configure:5231: checking for C++ compiler version
configure:5238: /C/MinGW/bin/g++.exe --version >&5
g++.exe (GCC) 4.8.1
Copyright (C) 2013 Free Software Foundation, Inc.
This is free software; see the source for copying conditions.  There is NO
warranty; not even for MERCHANTABILITY or FITNESS FOR A PARTICULAR PURPOSE.

configure:5241: $? = 0
configure:5248: /C/MinGW/bin/g++.exe -v >&5
Using built-in specs.
COLLECT_GCC=c:\MinGW\bin\g++.exe
COLLECT_LTO_WRAPPER=c:/mingw/bin/../libexec/gcc/mingw32/4.8.1/lto-wrapper.exe
Target: mingw32
Configured with: ../gcc-4.8.1/configure --prefix=/mingw --host=mingw32 --build=mingw32 --without-pic --enable-shared --enable-static --with-gnu-ld --enable-lto --enable-libssp --disable-multilib --enable-languages=c,c++,fortran,objc,obj-c++,ada --disable-sjlj-exceptions --with-dwarf2 --disable-win32-registry --enable-libstdcxx-debug --enable-version-specific-runtime-libs --with-gmp=/usr/src/pkg/gmp-5.1.2-1-mingw32-src/bld --with-mpc=/usr/src/pkg/mpc-1.0.1-1-mingw32-src/bld --with-mpfr= --with-system-zlib --with-gnu-as --enable-decimal-float=yes --enable-libgomp --enable-threads --with-libiconv-prefix=/mingw32 --with-libintl-prefix=/mingw --disable-bootstrap LDFLAGS=-s CFLAGS=-D_USE_32BIT_TIME_T
Thread model: win32
gcc version 4.8.1 (GCC) 
configure:5251: $? = 0
configure:5258: /C/MinGW/bin/g++.exe -V >&5
g++.exe: error: unrecognized command line option '-V'
g++.exe: fatal error: no input files
compilation terminated.
configure:5261: $? = 1
configure:5264: checking whether we are using the GNU C++ compiler
configure:5293: /C/MinGW/bin/g++.exe -c   conftest.cpp >&5
configure:5299: $? = 0
configure:5316: result: yes
configure:5321: checking whether /C/MinGW/bin/g++.exe accepts -g
configure:5351: /C/MinGW/bin/g++.exe -c -g  conftest.cpp >&5
configure:5357: $? = 0
configure:5456: result: yes
configure:5481: checking dependency style of /C/MinGW/bin/g++.exe
configure:5572: result: gcc3
configure:5597: checking how to run the C++ preprocessor
configure:5633: /C/MinGW/bin/g++.exe -E  conftest.cpp
configure:5639: $? = 0
configure:5670: /C/MinGW/bin/g++.exe -E  conftest.cpp
conftest.cpp:20:28: fatal error: ac_nonexistent.h: No such file or directory
 #include <ac_nonexistent.h>
                            ^
compilation terminated.
configure:5676: $? = 1
configure: failed program was:
| /* confdefs.h.  */
| #define PACKAGE_NAME "embXml"
| #define PACKAGE_TARNAME "embxml"
| #define PACKAGE_VERSION "0.1"
| #define PACKAGE_STRING "embXml 0.1"
| #define PACKAGE_BUGREPORT ""
| #define PACKAGE "embxml"
| #define VERSION "0.1"
| #define STDC_HEADERS 1
| #define HAVE_SYS_TYPES_H 1
| #define HAVE_SYS_STAT_H 1
| #define HAVE_STDLIB_H 1
| #define HAVE_STRING_H 1
| #define HAVE_MEMORY_H 1
| #define HAVE_STRINGS_H 1
| #define HAVE_INTTYPES_H 1
| #define HAVE_STDINT_H 1
| #define HAVE_UNISTD_H 1
| /* end confdefs.h.  */
| #include <ac_nonexistent.h>
configure:5709: result: /C/MinGW/bin/g++.exe -E
configure:5738: /C/MinGW/bin/g++.exe -E  conftest.cpp
configure:5744: $? = 0
configure:5775: /C/MinGW/bin/g++.exe -E  conftest.cpp
conftest.cpp:20:28: fatal error: ac_nonexistent.h: No such file or directory
 #include <ac_nonexistent.h>
                            ^
compilation terminated.
configure:5781: $? = 1
configure: failed program was:
| /* confdefs.h.  */
| #define PACKAGE_NAME "embXml"
| #define PACKAGE_TARNAME "embxml"
| #define PACKAGE_VERSION "0.1"
| #define PACKAGE_STRING "embXml 0.1"
| #define PACKAGE_BUGREPORT ""
| #define PACKAGE "embxml"
| #define VERSION "0.1"
| #define STDC_HEADERS 1
| #define HAVE_SYS_TYPES_H 1
| #define HAVE_SYS_STAT_H 1
| #define HAVE_STDLIB_H 1
| #define HAVE_STRING_H 1
| #define HAVE_MEMORY_H 1
| #define HAVE_STRINGS_H 1
| #define HAVE_INTTYPES_H 1
| #define HAVE_STDINT_H 1
| #define HAVE_UNISTD_H 1
| /* end confdefs.h.  */
| #include <ac_nonexistent.h>
configure:5874: checking for g77
configure:5904: result: no
configure:5874: checking for xlf
configure:5904: result: no
configure:5874: checking for f77
configure:5904: result: no
configure:5874: checking for frt
configure:5904: result: no
configure:5874: checking for pgf77
configure:5904: result: no
configure:5874: checking for cf77
configure:5904: result: no
configure:5874: checking for fort77
configure:5904: result: no
configure:5874: checking for fl32
configure:5904: result: no
configure:5874: checking for af77
configure:5904: result: no
configure:5874: checking for xlf90
configure:5904: result: no
configure:5874: checking for f90
configure:5904: result: no
configure:5874: checking for pgf90
configure:5904: result: no
configure:5874: checking for pghpf
configure:5904: result: no
configure:5874: checking for epcf90
configure:5904: result: no
configure:5874: checking for gfortran
configure:5904: result: no
configure:5874: checking for g95
configure:5904: result: no
configure:5874: checking for xlf95
configure:5904: result: no
configure:5874: checking for f95
configure:5904: result: no
configure:5874: checking for fort
configure:5904: result: no
configure:5874: checking for ifort
configure:5904: result: no
configure:5874: checking for ifc
configure:5904: result: no
configure:5874: checking for efc
configure:5904: result: no
configure:5874: checking for pgf95
configure:5904: result: no
configure:5874: checking for lf95
configure:5904: result: no
configure:5874: checking for ftn
configure:5904: result: no
configure:5931: checking for Fortran 77 compiler version
configure:5938:  --version >&5
./configure: line 5939: --version: command not found
configure:5941: $? = 127
configure:5948:  -v >&5
./configure: line 5949: -v: command not found
configure:5951: $? = 127
configure:5958:  -V >&5
./configure: line 5959: -V: command not found
configure:5961: $? = 127
configure:5969: checking whether we are using the GNU Fortran 77 compiler
configure:5988:  -c  conftest.F >&5
./configure: line 5989: -c: command not found
configure:5994: $? = 127
configure: failed program was:
|       program main
| #ifndef __GNUC__
|        choke me
| #endif
| 
|       end
configure:6011: result: no
configure:6017: checking whether  accepts -g
configure:6034:  -c -g conftest.f >&5
./configure: line 6035: -c: command not found
configure:6040: $? = 127
configure: failed program was:
|       program main
| 
|       end
configure:6056: result: no
configure:6085: checking the maximum length of command line arguments
configure:6197: result: 8192
configure:6209: checking command to parse /c/mingw/bin/nm output from /C/MinGW/bin/gcc.exe object
configure:6314: /C/MinGW/bin/gcc.exe -c -g -O2  conftest.c >&5
configure:6317: $? = 0
configure:6321: /c/mingw/bin/nm conftest.o \| sed -n -e 's/^.*[ 	]\([ABCDGIRSTW][ABCDGIRSTW]*\)[ 	][ 	]*\([_A-Za-z][_A-Za-z0-9]*\)\{0,1\}$/\1 \2 \2/p' \> conftest.nm
configure:6324: $? = 0
cannot find nm_test_var in conftest.nm
configure:6314: /C/MinGW/bin/gcc.exe -c -g -O2  conftest.c >&5
configure:6317: $? = 0
configure:6321: /c/mingw/bin/nm conftest.o \| sed -n -e 's/^.*[ 	]\([ABCDGIRSTW][ABCDGIRSTW]*\)[ 	][ 	]*_\([_A-Za-z][_A-Za-z0-9]*\)\{0,1\}$/\1 _\2 \2/p' \> conftest.nm
configure:6324: $? = 0
configure:6376: /C/MinGW/bin/gcc.exe -o conftest.exe -g -O2   conftest.c conftstm.o >&5
configure:6379: $? = 0
configure:6417: result: ok
configure:6421: checking for objdir
configure:6436: result: .libs
configure:6528: checking for ar
configure:6544: found /c/mingw/bin/ar
configure:6555: result: ar
configure:6624: checking for ranlib
configure:6640: found /c/mingw/bin/ranlib
configure:6651: result: ranlib
configure:6720: checking for strip
configure:6736: found /c/mingw/bin/strip
configure:6747: result: strip
configure:7345: checking if /C/MinGW/bin/gcc.exe supports -fno-rtti -fno-exceptions
configure:7363: /C/MinGW/bin/gcc.exe -c -g -O2  -fno-rtti -fno-exceptions conftest.c >&5
cc1.exe: warning: command line option '-fno-rtti' is valid for C++/ObjC++ but not for C [enabled by default]
configure:7367: $? = 0
configure:7380: result: no
configure:7395: checking for /C/MinGW/bin/gcc.exe option to produce PIC
configure:7627: result: -DDLL_EXPORT
configure:7635: checking if /C/MinGW/bin/gcc.exe PIC flag -DDLL_EXPORT works
configure:7653: /C/MinGW/bin/gcc.exe -c -g -O2  -DDLL_EXPORT -DPIC conftest.c >&5
configure:7657: $? = 0
configure:7670: result: yes
configure:7698: checking if /C/MinGW/bin/gcc.exe static flag -static works
configure:7726: result: yes
configure:7736: checking if /C/MinGW/bin/gcc.exe supports -c -o file.o
configure:7757: /C/MinGW/bin/gcc.exe -c -g -O2  -o out/conftest2.o conftest.c >&5
configure:7761: $? = 0
configure:7783: result: yes
configure:7809: checking whether the /C/MinGW/bin/gcc.exe linker (c:/mingw/mingw32/bin/ld.exe) supports shared libraries
configure:8790: result: yes
configure:8811: checking whether -lc should be explicitly linked in
configure:8816: /C/MinGW/bin/gcc.exe -c -g -O2  conftest.c >&5
configure:8819: $? = 0
configure:8834: /C/MinGW/bin/gcc.exe -shared conftest.o  -v -o ./conftest -Wl,--enable-auto-image-base -Xlinker --out-implib -Xlinker conftest 2\>\&1 \| grep  -lc  \>/dev/null 2\>\&1
configure:8837: $? = 1
configure:8849: result: yes
configure:8857: checking dynamic linker characteristics
configure:9471: result: Win32 ld.exe
configure:9495: checking how to hardcode library paths into programs
configure:9520: result: immediate
configure:9534: checking whether stripping libraries is possible
configure:9539: result: yes
configure:10341: checking if libtool supports shared libraries
configure:10343: result: yes
configure:10346: checking whether to build shared libraries
configure:10367: result: yes
configure:10370: checking whether to build static libraries
configure:10374: result: yes
configure:10468: creating libtool
configure:11061: checking for ld used by /C/MinGW/bin/g++.exe
configure:11128: result: c:/mingw/mingw32/bin/ld.exe
configure:11137: checking if the linker (c:/mingw/mingw32/bin/ld.exe) is GNU ld
configure:11152: result: yes
configure:11203: checking whether the /C/MinGW/bin/g++.exe linker (c:/mingw/mingw32/bin/ld.exe) supports shared libraries
configure:12149: result: yes
configure:12166: /C/MinGW/bin/g++.exe -c -g -O2  conftest.cpp >&5
configure:12169: $? = 0
configure:12325: checking for /C/MinGW/bin/g++.exe option to produce PIC
configure:12609: result: -DDLL_EXPORT
configure:12617: checking if /C/MinGW/bin/g++.exe PIC flag -DDLL_EXPORT works
configure:12635: /C/MinGW/bin/g++.exe -c -g -O2  -DDLL_EXPORT -DPIC conftest.cpp >&5
configure:12639: $? = 0
configure:12652: result: yes
configure:12680: checking if /C/MinGW/bin/g++.exe static flag -static works
configure:12708: result: yes
configure:12718: checking if /C/MinGW/bin/g++.exe supports -c -o file.o
configure:12739: /C/MinGW/bin/g++.exe -c -g -O2  -o out/conftest2.o conftest.cpp >&5
configure:12743: $? = 0
configure:12765: result: yes
configure:12791: checking whether the /C/MinGW/bin/g++.exe linker (c:/mingw/mingw32/bin/ld.exe) supports shared libraries
configure:12820: result: yes
configure:12887: checking dynamic linker characteristics
configure:13449: result: Win32 ld.exe
configure:13473: checking how to hardcode library paths into programs
configure:13498: result: immediate
configure:19864: checking for C++ compiler version
configure:19871: /C/MinGW/bin/g++.exe --version >&5
g++.exe (GCC) 4.8.1
Copyright (C) 2013 Free Software Foundation, Inc.
This is free software; see the source for copying conditions.  There is NO
warranty; not even for MERCHANTABILITY or FITNESS FOR A PARTICULAR PURPOSE.

configure:19874: $? = 0
configure:19881: /C/MinGW/bin/g++.exe -v >&5
Using built-in specs.
COLLECT_GCC=c:\MinGW\bin\g++.exe
COLLECT_LTO_WRAPPER=c:/mingw/bin/../libexec/gcc/mingw32/4.8.1/lto-wrapper.exe
Target: mingw32
Configured with: ../gcc-4.8.1/configure --prefix=/mingw --host=mingw32 --build=mingw32 --without-pic --enable-shared --enable-static --with-gnu-ld --enable-lto --enable-libssp --disable-multilib --enable-languages=c,c++,fortran,objc,obj-c++,ada --disable-sjlj-exceptions --with-dwarf2 --disable-win32-registry --enable-libstdcxx-debug --enable-version-specific-runtime-libs --with-gmp=/usr/src/pkg/gmp-5.1.2-1-mingw32-src/bld --with-mpc=/usr/src/pkg/mpc-1.0.1-1-mingw32-src/bld --with-mpfr= --with-system-zlib --with-gnu-as --enable-decimal-float=yes --enable-libgomp --enable-threads --with-libiconv-prefix=/mingw32 --with-libintl-prefix=/mingw --disable-bootstrap LDFLAGS=-s CFLAGS=-D_USE_32BIT_TIME_T
Thread model: win32
gcc version 4.8.1 (GCC) 
configure:19884: $? = 0
configure:19891: /C/MinGW/bin/g++.exe -V >&5
g++.exe: error: unrecognized command line option '-V'
g++.exe: fatal error: no input files
compilation terminated.
configure:19894: $? = 1
configure:19897: checking whether we are using the GNU C++ compiler
configure:19949: result: yes
configure:19954: checking whether /C/MinGW/bin/g++.exe accepts -g
configure:20089: result: yes
configure:20114: checking dependency style of /C/MinGW/bin/g++.exe
configure:20205: result: gcc3
configure:20353: creating ./config.status

## ---------------------- ##
## Running config.status. ##
## ---------------------- ##

This file was extended by embXml config.status 0.1, which was
generated by GNU Autoconf 2.61.  Invocation command line was

  CONFIG_FILES    = 
  CONFIG_HEADERS  = 
  CONFIG_LINKS    = 
  CONFIG_COMMANDS = 
  $ ./config.status 

on Bullimia

config.status:668: creating Makefile
config.status:668: creating include/libEmbMem/Makefile
config.status:668: creating include/libEmbXml/Makefile
config.status:668: creating src/libEmbMem/Makefile
config.status:668: creating src/libEmbXml/Makefile
config.status:668: creating config.h
config.status:894: config.h is unchanged
config.status:941: executing depfiles commands

## ---------------- ##
## Cache variables. ##
## ---------------- ##

ac_cv_build=i686-pc-mingw32
ac_cv_c_compiler_gnu=yes
ac_cv_cxx_compiler_gnu=yes
ac_cv_env_CCC_set=
ac_cv_env_CCC_value=
ac_cv_env_CC_set=set
ac_cv_env_CC_value=/C/MinGW/bin/gcc.exe
ac_cv_env_CFLAGS_set=
ac_cv_env_CFLAGS_value=
ac_cv_env_CPPFLAGS_set=
ac_cv_env_CPPFLAGS_value=
ac_cv_env_CPP_set=
ac_cv_env_CPP_value=
ac_cv_env_CXXCPP_set=
ac_cv_env_CXXCPP_value=
ac_cv_env_CXXFLAGS_set=
ac_cv_env_CXXFLAGS_value=
ac_cv_env_CXX_set=set
ac_cv_env_CXX_value=/C/MinGW/bin/g++.exe
ac_cv_env_F77_set=
ac_cv_env_F77_value=
ac_cv_env_FFLAGS_set=
ac_cv_env_FFLAGS_value=
ac_cv_env_LDFLAGS_set=
ac_cv_env_LDFLAGS_value=
ac_cv_env_LIBS_set=
ac_cv_env_LIBS_value=
ac_cv_env_build_alias_set=
ac_cv_env_build_alias_value=
ac_cv_env_host_alias_set=
ac_cv_env_host_alias_value=
ac_cv_env_target_alias_set=
ac_cv_env_target_alias_value=
ac_cv_exeext=.exe
ac_cv_f77_compiler_gnu=no
ac_cv_header_dlfcn_h=no
ac_cv_header_inttypes_h=yes
ac_cv_header_memory_h=yes
ac_cv_header_stdc=yes
ac_cv_header_stdint_h=yes
ac_cv_header_stdlib_h=yes
ac_cv_header_string_h=yes
ac_cv_header_strings_h=yes
ac_cv_header_sys_stat_h=yes
ac_cv_header_sys_types_h=yes
ac_cv_header_unistd_h=yes
ac_cv_host=i686-pc-mingw32
ac_cv_objext=o
ac_cv_path_EGREP='/bin/grep -E'
ac_cv_path_GREP=/bin/grep
ac_cv_path_mkdir=/bin/mkdir
ac_cv_prog_AWK=gawk
ac_cv_prog_CPP='/C/MinGW/bin/gcc.exe -E'
ac_cv_prog_CXXCPP='/C/MinGW/bin/g++.exe -E'
ac_cv_prog_ac_ct_AR=ar
ac_cv_prog_ac_ct_CC=/C/MinGW/bin/gcc.exe
ac_cv_prog_ac_ct_RANLIB=ranlib
ac_cv_prog_ac_ct_STRIP=strip
ac_cv_prog_cc_c89=
ac_cv_prog_cc_g=yes
ac_cv_prog_cxx_g=yes
ac_cv_prog_f77_g=no
ac_cv_prog_make_make_set=yes
am_cv_CC_dependencies_compiler_type=gcc3
am_cv_CXX_dependencies_compiler_type=gcc3
lt_cv_deplibs_check_method='file_magic file format pei*-i386(.*architecture: i386)?'
lt_cv_file_magic_cmd='$OBJDUMP -f'
lt_cv_file_magic_test_file=
lt_cv_ld_reload_flag=-r
lt_cv_objdir=.libs
lt_cv_path_LD=c:/mingw/mingw32/bin/ld.exe
lt_cv_path_LDCXX=c:/mingw/mingw32/bin/ld.exe
lt_cv_path_NM=/c/mingw/bin/nm
lt_cv_path_SED=/bin/sed
lt_cv_prog_compiler_c_o=yes
lt_cv_prog_compiler_c_o_CXX=yes
lt_cv_prog_compiler_pic_works=yes
lt_cv_prog_compiler_pic_works_CXX=yes
lt_cv_prog_compiler_rtti_exceptions=no
lt_cv_prog_compiler_static_works=yes
lt_cv_prog_compiler_static_works_CXX=yes
lt_cv_prog_gnu_ld=yes
lt_cv_prog_gnu_ldcxx=yes
lt_cv_sys_global_symbol_pipe='sed -n -e '\''s/^.*[ 	]\([ABCDGIRSTW][ABCDGIRSTW]*\)[ 	][ 	]*_\([_A-Za-z][_A-Za-z0-9]*\)\{0,1\}$/\1 _\2 \2/p'\'''
lt_cv_sys_global_symbol_to_c_name_address='sed -n -e '\''s/^: \([^ ]*\) $/  {\"\1\", (lt_ptr) 0},/p'\'' -e '\''s/^[BCDEGRST] \([^ ]*\) \([^ ]*\)$/  {"\2", (lt_ptr) \&\2},/p'\'''
lt_cv_sys_global_symbol_to_cdecl='sed -n -e '\''s/^. .* \(.*\)$/extern int \1;/p'\'''
lt_cv_sys_lib_dlsearch_path_spec='/lib /usr/lib'
lt_cv_sys_lib_search_path_spec=' =c:/mingw/bin/../lib/gcc/mingw32/4.8.1/ c:/mingw/bin/../lib/gcc/ c:/mingw/bin/../lib/gcc/mingw32/4.8.1/../../../../mingw32/lib/mingw32/4.8.1/ c:/mingw/bin/../lib/gcc/mingw32/4.8.1/../../../../mingw32/lib/ c:/mingw/bin/../lib/gcc/mingw32/4.8.1/../../../mingw32/4.8.1/ c:/mingw/bin/../lib/gcc/mingw32/4.8.1/../../../'
lt_cv_sys_max_cmd_len=8192
lt_lt_cv_prog_compiler_c_o='"yes"'
lt_lt_cv_prog_compiler_c_o_CXX='"yes"'
lt_lt_cv_sys_global_symbol_pipe='"sed -n -e '\''s/^.*[ 	]\\([ABCDGIRSTW][ABCDGIRSTW]*\\)[ 	][ 	]*_\\([_A-Za-z][_A-Za-z0-9]*\\)\\{0,1\\}\$/\\1 _\\2 \\2/p'\''"'
lt_lt_cv_sys_global_symbol_to_c_name_address='"sed -n -e '\''s/^: \\([^ ]*\\) \$/  {\\\"\\1\\\", (lt_ptr) 0},/p'\'' -e '\''s/^[BCDEGRST] \\([^ ]*\\) \\([^ ]*\\)\$/  {\"\\2\", (lt_ptr) \\&\\2},/p'\''"'
lt_lt_cv_sys_global_symbol_to_cdecl='"sed -n -e '\''s/^. .* \\(.*\\)\$/extern int \\1;/p'\''"'

## ----------------- ##
## Output variables. ##
## ----------------- ##

ACLOCAL='${SHELL} /C/Vennie/Projects/C/embxml-0.1-stable/missing --run aclocal-1.10'
AMDEPBACKSLASH='\'
AMDEP_FALSE='#'
AMDEP_TRUE=''
AMTAR='${SHELL} /C/Vennie/Projects/C/embxml-0.1-stable/missing --run tar'
AR='ar'
AUTOCONF='${SHELL} /C/Vennie/Projects/C/embxml-0.1-stable/missing --run autoconf'
AUTOHEADER='${SHELL} /C/Vennie/Projects/C/embxml-0.1-stable/missing --run autoheader'
AUTOMAKE='${SHELL} /C/Vennie/Projects/C/embxml-0.1-stable/missing --run automake-1.10'
AWK='gawk'
CC='/C/MinGW/bin/gcc.exe'
CCDEPMODE='depmode=gcc3'
CFLAGS='-g -O2'
CPP='/C/MinGW/bin/gcc.exe -E'
CPPFLAGS=''
CXX='/C/MinGW/bin/g++.exe'
CXXCPP='/C/MinGW/bin/g++.exe -E'
CXXDEPMODE='depmode=gcc3'
CXXFLAGS='-g -O2 -Wall -W -pedantic'
CYGPATH_W='echo'
DEFS='-DHAVE_CONFIG_H'
DEPDIR='.deps'
DSYMUTIL=''
ECHO='echo'
ECHO_C=''
ECHO_N='-n'
ECHO_T=''
EGREP='/bin/grep -E'
EXEEXT='.exe'
F77=''
FFLAGS=''
GREP='/bin/grep'
INSTALL_DATA='${INSTALL} -m 644'
INSTALL_PROGRAM='${INSTALL}'
INSTALL_SCRIPT='${INSTALL}'
INSTALL_STRIP_PROGRAM='$(install_sh) -c -s'
LDFLAGS=''
LIBOBJS=''
LIBS=''
LIBTOOL='$(SHELL) $(top_builddir)/libtool'
LN_S='cp -p'
LTLIBOBJS=''
MAKEINFO='${SHELL} /C/Vennie/Projects/C/embxml-0.1-stable/missing --run makeinfo'
NMEDIT=''
OBJEXT='o'
PACKAGE='embxml'
PACKAGE_BUGREPORT=''
PACKAGE_NAME='embXml'
PACKAGE_STRING='embXml 0.1'
PACKAGE_TARNAME='embxml'
PACKAGE_VERSION='0.1'
PATH_SEPARATOR=':'
RANLIB='ranlib'
SED='/bin/sed'
SET_MAKE=''
SHELL='/bin/sh'
STRIP='strip'
VERSION='0.1'
ac_ct_CC='/C/MinGW/bin/gcc.exe'
ac_ct_CXX=''
ac_ct_F77=''
am__fastdepCC_FALSE='#'
am__fastdepCC_TRUE=''
am__fastdepCXX_FALSE='#'
am__fastdepCXX_TRUE=''
am__include='include'
am__isrc=''
am__leading_dot='.'
am__quote=''
am__tar='${AMTAR} chof - "$$tardir"'
am__untar='${AMTAR} xf -'
bindir='${exec_prefix}/bin'
build='i686-pc-mingw32'
build_alias=''
build_cpu='i686'
build_os='mingw32'
build_vendor='pc'
datadir='${datarootdir}'
datarootdir='${prefix}/share'
docdir='${datarootdir}/doc/${PACKAGE_TARNAME}'
dvidir='${docdir}'
exec_prefix='${prefix}'
host='i686-pc-mingw32'
host_alias=''
host_cpu='i686'
host_os='mingw32'
host_vendor='pc'
htmldir='${docdir}'
includedir='${prefix}/include'
infodir='${datarootdir}/info'
install_sh='$(SHELL) /C/Vennie/Projects/C/embxml-0.1-stable/install-sh'
libdir='${exec_prefix}/lib'
libexecdir='${exec_prefix}/libexec'
localedir='${datarootdir}/locale'
localstatedir='${prefix}/var'
mandir='${datarootdir}/man'
mkdir_p='/bin/mkdir -p'
oldincludedir='/usr/include'
pdfdir='${docdir}'
prefix='/C/Vennie/Projects/C/embxml-0.1-stable/result'
program_transform_name='s,x,x,'
psdir='${docdir}'
sbindir='${exec_prefix}/sbin'
sharedstatedir='${prefix}/com'
sysconfdir='${prefix}/etc'
target_alias=''

## ----------- ##
## confdefs.h. ##
## ----------- ##

#define PACKAGE_NAME "embXml"
#define PACKAGE_TARNAME "embxml"
#define PACKAGE_VERSION "0.1"
#define PACKAGE_STRING "embXml 0.1"
#define PACKAGE_BUGREPORT ""
#define PACKAGE "embxml"
#define VERSION "0.1"
#define STDC_HEADERS 1
#define HAVE_SYS_TYPES_H 1
#define HAVE_SYS_STAT_H 1
#define HAVE_STDLIB_H 1
#define HAVE_STRING_H 1
#define HAVE_MEMORY_H 1
#define HAVE_STRINGS_H 1
#define HAVE_INTTYPES_H 1
#define HAVE_STDINT_H 1
#define HAVE_UNISTD_H 1

configure: exit 0
